<?xml version="1.0" encoding="UTF-8"?>
<!-- Generated by org.testng.reporters.JUnitXMLReporter -->
<testsuite ignored="0" hostname="DUC-kEGFADkY5nZ" failures="0" tests="3" name="Regression Test" time="3.838" errors="0" timestamp="2025-04-03T05:04:39 BST">
  <testcase classname="TestCase.Letcode" name="@BeforeMethod setUp" time="3.679">
    <failure type="java.lang.AssertionError" message="TestFailed: Unable to initialize the driver instanceCould not start a new session. Response code 500. Message: session not created
from unknown error: cannot find Chrome binary 
Host info: host: &amp;apos;DUC-KEGFADKY5NZ&amp;apos;, ip: &amp;apos;130.78.91.68&amp;apos;
Build info: version: &amp;apos;4.30.0&amp;apos;, revision: &amp;apos;509c7f17cc*&amp;apos;
System info: os.name: &amp;apos;Windows 10&amp;apos;, os.arch: &amp;apos;amd64&amp;apos;, os.version: &amp;apos;10.0&amp;apos;, java.version: &amp;apos;11.0.20&amp;apos;
Driver info: org.openqa.selenium.chrome.ChromeDriver
Command: [null, newSession {capabilities=[Capabilities {browserName: chrome, goog:chromeOptions: {args: [], extensions: []}}]}]">
      <![CDATA[java.lang.AssertionError: TestFailed: Unable to initialize the driver instanceCould not start a new session. Response code 500. Message: session not created
from unknown error: cannot find Chrome binary 
Host info: host: 'DUC-KEGFADKY5NZ', ip: '130.78.91.68'
Build info: version: '4.30.0', revision: '509c7f17cc*'
System info: os.name: 'Windows 10', os.arch: 'amd64', os.version: '10.0', java.version: '11.0.20'
Driver info: org.openqa.selenium.chrome.ChromeDriver
Command: [null, newSession {capabilities=[Capabilities {browserName: chrome, goog:chromeOptions: {args: [], extensions: []}}]}]
at org.junit.Assert.fail(Assert.java:89)
at UtilsMethods.DriverManager.getDriver(DriverManager.java:37)
at TestCase.Letcode.setUp(Letcode.java:19)
at java.base/java.util.ArrayList.forEach(ArrayList.java:1541)
... Removed 31 stack frames]]>
    </failure>
  </testcase> <!-- @BeforeMethod setUp -->
  <testcase classname="TestCase.Letcode" name="@AfterMethod tearDown" time="0.0">
    <skipped/>
  </testcase> <!-- @AfterMethod tearDown -->
  <testcase classname="TestCase.Letcode" name="@BeforeMethod setUp" time="0.0">
    <skipped/>
  </testcase> <!-- @BeforeMethod setUp -->
  <testcase classname="TestCase.Letcode" name="@AfterMethod tearDown" time="0.0">
    <skipped/>
  </testcase> <!-- @AfterMethod tearDown -->
  <testcase classname="TestCase.Letcode" name="@BeforeMethod setUp" time="0.0">
    <skipped/>
  </testcase> <!-- @BeforeMethod setUp -->
  <testcase classname="TestCase.Letcode" name="@AfterMethod tearDown" time="0.0">
    <skipped/>
  </testcase> <!-- @AfterMethod tearDown -->
  <testcase classname="TestCase.Letcode" name="letcodeButton" time="0.0">
    <skipped/>
  </testcase> <!-- letcodeButton -->
  <testcase classname="TestCase.Letcode" name="letcodeDropdown" time="0.0">
    <skipped/>
  </testcase> <!-- letcodeDropdown -->
  <testcase classname="TestCase.Letcode" name="letcodeInput" time="0.0">
    <skipped/>
  </testcase> <!-- letcodeInput -->
</testsuite> <!-- Regression Test -->
